  image.cpp
E:\Codes\CG\MIT_ComputerGraphics\Assignment2_Transformations_AdditionalPrimitives\image.cpp(43,19): warning C4101: 'tmp': unreferenced local variable
E:\Codes\CG\MIT_ComputerGraphics\Assignment2_Transformations_AdditionalPrimitives\image.cpp(98,36): warning C4244: 'argument': conversion from 'double' to 'float', possible loss of data
E:\Codes\CG\MIT_ComputerGraphics\Assignment2_Transformations_AdditionalPrimitives\image.cpp(98,28): warning C4244: 'argument': conversion from 'double' to 'float', possible loss of data
E:\Codes\CG\MIT_ComputerGraphics\Assignment2_Transformations_AdditionalPrimitives\image.cpp(98,20): warning C4244: 'argument': conversion from 'double' to 'float', possible loss of data
E:\Codes\CG\MIT_ComputerGraphics\Assignment2_Transformations_AdditionalPrimitives\image.cpp(163,36): warning C4244: 'argument': conversion from 'double' to 'float', possible loss of data
E:\Codes\CG\MIT_ComputerGraphics\Assignment2_Transformations_AdditionalPrimitives\image.cpp(163,28): warning C4244: 'argument': conversion from 'double' to 'float', possible loss of data
E:\Codes\CG\MIT_ComputerGraphics\Assignment2_Transformations_AdditionalPrimitives\image.cpp(163,20): warning C4244: 'argument': conversion from 'double' to 'float', possible loss of data
  main.cpp
E:\Codes\CG\MIT_ComputerGraphics\Assignment2_Transformations_AdditionalPrimitives\camera.h(30,45): warning C4244: 'argument': conversion from 'double' to 'float', possible loss of data
E:\Codes\CG\MIT_ComputerGraphics\Assignment2_Transformations_AdditionalPrimitives\camera.h(30,82): warning C4244: 'argument': conversion from 'double' to 'float', possible loss of data
E:\Codes\CG\MIT_ComputerGraphics\Assignment2_Transformations_AdditionalPrimitives\camera.h(84,49): warning C4244: 'argument': conversion from 'double' to 'float', possible loss of data
E:\Codes\CG\MIT_ComputerGraphics\Assignment2_Transformations_AdditionalPrimitives\camera.h(84,99): warning C4244: 'argument': conversion from 'double' to 'float', possible loss of data
E:\Codes\CG\MIT_ComputerGraphics\Assignment2_Transformations_AdditionalPrimitives\group.h(19,16): warning C4018: '<': signed/unsigned mismatch
E:\Codes\CG\MIT_ComputerGraphics\Assignment2_Transformations_AdditionalPrimitives\main.cpp(51,20): warning C4244: '=': conversion from 'double' to 'float', possible loss of data
E:\Codes\CG\MIT_ComputerGraphics\Assignment2_Transformations_AdditionalPrimitives\main.cpp(54,20): warning C4244: '=': conversion from 'double' to 'float', possible loss of data
  matrix.cpp
  scene_parser.cpp
E:\Codes\CG\MIT_ComputerGraphics\Assignment2_Transformations_AdditionalPrimitives\camera.h(30,45): warning C4244: 'argument': conversion from 'double' to 'float', possible loss of data
E:\Codes\CG\MIT_ComputerGraphics\Assignment2_Transformations_AdditionalPrimitives\camera.h(30,82): warning C4244: 'argument': conversion from 'double' to 'float', possible loss of data
E:\Codes\CG\MIT_ComputerGraphics\Assignment2_Transformations_AdditionalPrimitives\camera.h(84,49): warning C4244: 'argument': conversion from 'double' to 'float', possible loss of data
E:\Codes\CG\MIT_ComputerGraphics\Assignment2_Transformations_AdditionalPrimitives\camera.h(84,99): warning C4244: 'argument': conversion from 'double' to 'float', possible loss of data
E:\Codes\CG\MIT_ComputerGraphics\Assignment2_Transformations_AdditionalPrimitives\group.h(19,16): warning C4018: '<': signed/unsigned mismatch
E:\Codes\CG\MIT_ComputerGraphics\Assignment2_Transformations_AdditionalPrimitives\scene_parser.cpp(124,23): warning C4244: 'initializing': conversion from 'double' to 'float', possible loss of data
E:\Codes\CG\MIT_ComputerGraphics\Assignment2_Transformations_AdditionalPrimitives\scene_parser.cpp(426,39): warning C4244: 'argument': conversion from 'double' to 'float', possible loss of data
E:\Codes\CG\MIT_ComputerGraphics\Assignment2_Transformations_AdditionalPrimitives\scene_parser.cpp(428,39): warning C4244: 'argument': conversion from 'double' to 'float', possible loss of data
E:\Codes\CG\MIT_ComputerGraphics\Assignment2_Transformations_AdditionalPrimitives\scene_parser.cpp(430,39): warning C4244: 'argument': conversion from 'double' to 'float', possible loss of data
E:\Codes\CG\MIT_ComputerGraphics\Assignment2_Transformations_AdditionalPrimitives\scene_parser.cpp(435,47): warning C4244: 'argument': conversion from 'double' to 'float', possible loss of data
  Generating Code...
matrix.obj : error LNK2005: "public: __thiscall Matrix::Matrix(class Matrix const &)" (??0Matrix@@QAE@ABV0@@Z) already defined in main.obj
matrix.obj : error LNK2005: "public: __thiscall Matrix::Matrix(float const *)" (??0Matrix@@QAE@PBM@Z) already defined in main.obj
matrix.obj : error LNK2005: "public: class Matrix & __thiscall Matrix::operator=(class Matrix const &)" (??4Matrix@@QAEAAV0@ABV0@@Z) already defined in main.obj
matrix.obj : error LNK2005: "public: int __thiscall Matrix::operator==(class Matrix const &)const " (??8Matrix@@QBEHABV0@@Z) already defined in main.obj
matrix.obj : error LNK2005: "public: int __thiscall Matrix::operator!=(class Matrix const &)const " (??9Matrix@@QBEHABV0@@Z) already defined in main.obj
matrix.obj : error LNK2005: "class Matrix __cdecl operator*(class Matrix const &,class Matrix const &)" (??D@YA?AVMatrix@@ABV0@0@Z) already defined in main.obj
matrix.obj : error LNK2005: "class Matrix __cdecl operator*(class Matrix const &,float)" (??D@YA?AVMatrix@@ABV0@M@Z) already defined in main.obj
matrix.obj : error LNK2005: "class Matrix __cdecl operator*(float,class Matrix const &)" (??D@YA?AVMatrix@@MABV0@@Z) already defined in main.obj
matrix.obj : error LNK2005: "class Matrix __cdecl operator-(class Matrix const &,class Matrix const &)" (??G@YA?AVMatrix@@ABV0@0@Z) already defined in main.obj
matrix.obj : error LNK2005: "class Matrix __cdecl operator+(class Matrix const &,class Matrix const &)" (??H@YA?AVMatrix@@ABV0@0@Z) already defined in main.obj
matrix.obj : error LNK2005: "public: class Matrix & __thiscall Matrix::operator*=(class Matrix const &)" (??XMatrix@@QAEAAV0@ABV0@@Z) already defined in main.obj
matrix.obj : error LNK2005: "public: class Matrix & __thiscall Matrix::operator*=(float)" (??XMatrix@@QAEAAV0@M@Z) already defined in main.obj
matrix.obj : error LNK2005: "public: class Matrix & __thiscall Matrix::operator+=(class Matrix const &)" (??YMatrix@@QAEAAV0@ABV0@@Z) already defined in main.obj
matrix.obj : error LNK2005: "public: class Matrix & __thiscall Matrix::operator-=(class Matrix const &)" (??ZMatrix@@QAEAAV0@ABV0@@Z) already defined in main.obj
matrix.obj : error LNK2005: "public: void __thiscall Matrix::Clear(void)" (?Clear@Matrix@@QAEXXZ) already defined in main.obj
matrix.obj : error LNK2005: "public: float __thiscall Matrix::Get(int,int)const " (?Get@Matrix@@QBEMHH@Z) already defined in main.obj
matrix.obj : error LNK2005: "public: int __thiscall Matrix::Inverse(float)" (?Inverse@Matrix@@QAEHM@Z) already defined in main.obj
matrix.obj : error LNK2005: "public: int __thiscall Matrix::Inverse(class Matrix &,float)const " (?Inverse@Matrix@@QBEHAAV1@M@Z) already defined in main.obj
matrix.obj : error LNK2005: "public: static class Matrix __cdecl Matrix::MakeAxisRotation(class Vec3f const &,float)" (?MakeAxisRotation@Matrix@@SA?AV1@ABVVec3f@@M@Z) already defined in main.obj
matrix.obj : error LNK2005: "public: static class Matrix __cdecl Matrix::MakeScale(class Vec3f const &)" (?MakeScale@Matrix@@SA?AV1@ABVVec3f@@@Z) already defined in main.obj
matrix.obj : error LNK2005: "public: static class Matrix __cdecl Matrix::MakeScale(float)" (?MakeScale@Matrix@@SA?AV1@M@Z) already defined in main.obj
matrix.obj : error LNK2005: "public: static class Matrix __cdecl Matrix::MakeTranslation(class Vec3f const &)" (?MakeTranslation@Matrix@@SA?AV1@ABVVec3f@@@Z) already defined in main.obj
matrix.obj : error LNK2005: "public: static class Matrix __cdecl Matrix::MakeXRotation(float)" (?MakeXRotation@Matrix@@SA?AV1@M@Z) already defined in main.obj
matrix.obj : error LNK2005: "public: static class Matrix __cdecl Matrix::MakeYRotation(float)" (?MakeYRotation@Matrix@@SA?AV1@M@Z) already defined in main.obj
matrix.obj : error LNK2005: "public: static class Matrix __cdecl Matrix::MakeZRotation(float)" (?MakeZRotation@Matrix@@SA?AV1@M@Z) already defined in main.obj
matrix.obj : error LNK2005: "public: void __thiscall Matrix::Read3x3(struct _iobuf *)" (?Read3x3@Matrix@@QAEXPAU_iobuf@@@Z) already defined in main.obj
matrix.obj : error LNK2005: "public: void __thiscall Matrix::Read(struct _iobuf *)" (?Read@Matrix@@QAEXPAU_iobuf@@@Z) already defined in main.obj
matrix.obj : error LNK2005: "public: void __thiscall Matrix::Set(int,int,float)" (?Set@Matrix@@QAEXHHM@Z) already defined in main.obj
matrix.obj : error LNK2005: "public: void __thiscall Matrix::SetToIdentity(void)" (?SetToIdentity@Matrix@@QAEXXZ) already defined in main.obj
matrix.obj : error LNK2005: "public: void __thiscall Matrix::Transform(class Vec2f &)const " (?Transform@Matrix@@QBEXAAVVec2f@@@Z) already defined in main.obj
matrix.obj : error LNK2005: "public: void __thiscall Matrix::Transform(class Vec3f &)const " (?Transform@Matrix@@QBEXAAVVec3f@@@Z) already defined in main.obj
matrix.obj : error LNK2005: "public: void __thiscall Matrix::Transform(class Vec4f &)const " (?Transform@Matrix@@QBEXAAVVec4f@@@Z) already defined in main.obj
matrix.obj : error LNK2005: "public: void __thiscall Matrix::TransformDirection(class Vec3f &)const " (?TransformDirection@Matrix@@QBEXAAVVec3f@@@Z) already defined in main.obj
matrix.obj : error LNK2005: "public: void __thiscall Matrix::Transpose(void)" (?Transpose@Matrix@@QAEXXZ) already defined in main.obj
matrix.obj : error LNK2005: "public: void __thiscall Matrix::Transpose(class Matrix &)const " (?Transpose@Matrix@@QBEXAAV1@@Z) already defined in main.obj
matrix.obj : error LNK2005: "public: void __thiscall Matrix::Write3x3(struct _iobuf *)const " (?Write3x3@Matrix@@QBEXPAU_iobuf@@@Z) already defined in main.obj
matrix.obj : error LNK2005: "public: void __thiscall Matrix::Write(struct _iobuf *)const " (?Write@Matrix@@QBEXPAU_iobuf@@@Z) already defined in main.obj
matrix.obj : error LNK2005: "float __cdecl det2x2(float,float,float,float)" (?det2x2@@YAMMMMM@Z) already defined in main.obj
matrix.obj : error LNK2005: "float __cdecl det3x3(float,float,float,float,float,float,float,float,float)" (?det3x3@@YAMMMMMMMMMM@Z) already defined in main.obj
matrix.obj : error LNK2005: "float __cdecl det4x4(float,float,float,float,float,float,float,float,float,float,float,float,float,float,float,float)" (?det4x4@@YAMMMMMMMMMMMMMMMMM@Z) already defined in main.obj
matrix.obj : error LNK2005: "public: float * __thiscall Matrix::glGet(void)const " (?glGet@Matrix@@QBEPAMXZ) already defined in main.obj
scene_parser.obj : error LNK2005: "public: __thiscall Matrix::Matrix(class Matrix const &)" (??0Matrix@@QAE@ABV0@@Z) already defined in main.obj
scene_parser.obj : error LNK2005: "public: __thiscall Matrix::Matrix(float const *)" (??0Matrix@@QAE@PBM@Z) already defined in main.obj
scene_parser.obj : error LNK2005: "public: class Matrix & __thiscall Matrix::operator=(class Matrix const &)" (??4Matrix@@QAEAAV0@ABV0@@Z) already defined in main.obj
scene_parser.obj : error LNK2005: "public: int __thiscall Matrix::operator==(class Matrix const &)const " (??8Matrix@@QBEHABV0@@Z) already defined in main.obj
scene_parser.obj : error LNK2005: "public: int __thiscall Matrix::operator!=(class Matrix const &)const " (??9Matrix@@QBEHABV0@@Z) already defined in main.obj
scene_parser.obj : error LNK2005: "class Matrix __cdecl operator*(class Matrix const &,class Matrix const &)" (??D@YA?AVMatrix@@ABV0@0@Z) already defined in main.obj
scene_parser.obj : error LNK2005: "class Matrix __cdecl operator*(class Matrix const &,float)" (??D@YA?AVMatrix@@ABV0@M@Z) already defined in main.obj
scene_parser.obj : error LNK2005: "class Matrix __cdecl operator*(float,class Matrix const &)" (??D@YA?AVMatrix@@MABV0@@Z) already defined in main.obj
scene_parser.obj : error LNK2005: "class Matrix __cdecl operator-(class Matrix const &,class Matrix const &)" (??G@YA?AVMatrix@@ABV0@0@Z) already defined in main.obj
scene_parser.obj : error LNK2005: "class Matrix __cdecl operator+(class Matrix const &,class Matrix const &)" (??H@YA?AVMatrix@@ABV0@0@Z) already defined in main.obj
scene_parser.obj : error LNK2005: "public: class Matrix & __thiscall Matrix::operator*=(class Matrix const &)" (??XMatrix@@QAEAAV0@ABV0@@Z) already defined in main.obj
scene_parser.obj : error LNK2005: "public: class Matrix & __thiscall Matrix::operator*=(float)" (??XMatrix@@QAEAAV0@M@Z) already defined in main.obj
scene_parser.obj : error LNK2005: "public: class Matrix & __thiscall Matrix::operator+=(class Matrix const &)" (??YMatrix@@QAEAAV0@ABV0@@Z) already defined in main.obj
scene_parser.obj : error LNK2005: "public: class Matrix & __thiscall Matrix::operator-=(class Matrix const &)" (??ZMatrix@@QAEAAV0@ABV0@@Z) already defined in main.obj
scene_parser.obj : error LNK2005: "public: void __thiscall Matrix::Clear(void)" (?Clear@Matrix@@QAEXXZ) already defined in main.obj
scene_parser.obj : error LNK2005: "public: float __thiscall Matrix::Get(int,int)const " (?Get@Matrix@@QBEMHH@Z) already defined in main.obj
scene_parser.obj : error LNK2005: "public: int __thiscall Matrix::Inverse(float)" (?Inverse@Matrix@@QAEHM@Z) already defined in main.obj
scene_parser.obj : error LNK2005: "public: int __thiscall Matrix::Inverse(class Matrix &,float)const " (?Inverse@Matrix@@QBEHAAV1@M@Z) already defined in main.obj
scene_parser.obj : error LNK2005: "public: static class Matrix __cdecl Matrix::MakeAxisRotation(class Vec3f const &,float)" (?MakeAxisRotation@Matrix@@SA?AV1@ABVVec3f@@M@Z) already defined in main.obj
scene_parser.obj : error LNK2005: "public: static class Matrix __cdecl Matrix::MakeScale(class Vec3f const &)" (?MakeScale@Matrix@@SA?AV1@ABVVec3f@@@Z) already defined in main.obj
scene_parser.obj : error LNK2005: "public: static class Matrix __cdecl Matrix::MakeScale(float)" (?MakeScale@Matrix@@SA?AV1@M@Z) already defined in main.obj
scene_parser.obj : error LNK2005: "public: static class Matrix __cdecl Matrix::MakeTranslation(class Vec3f const &)" (?MakeTranslation@Matrix@@SA?AV1@ABVVec3f@@@Z) already defined in main.obj
scene_parser.obj : error LNK2005: "public: static class Matrix __cdecl Matrix::MakeXRotation(float)" (?MakeXRotation@Matrix@@SA?AV1@M@Z) already defined in main.obj
scene_parser.obj : error LNK2005: "public: static class Matrix __cdecl Matrix::MakeYRotation(float)" (?MakeYRotation@Matrix@@SA?AV1@M@Z) already defined in main.obj
scene_parser.obj : error LNK2005: "public: static class Matrix __cdecl Matrix::MakeZRotation(float)" (?MakeZRotation@Matrix@@SA?AV1@M@Z) already defined in main.obj
scene_parser.obj : error LNK2005: "public: void __thiscall Matrix::Read3x3(struct _iobuf *)" (?Read3x3@Matrix@@QAEXPAU_iobuf@@@Z) already defined in main.obj
scene_parser.obj : error LNK2005: "public: void __thiscall Matrix::Read(struct _iobuf *)" (?Read@Matrix@@QAEXPAU_iobuf@@@Z) already defined in main.obj
scene_parser.obj : error LNK2005: "public: void __thiscall Matrix::Set(int,int,float)" (?Set@Matrix@@QAEXHHM@Z) already defined in main.obj
scene_parser.obj : error LNK2005: "public: void __thiscall Matrix::SetToIdentity(void)" (?SetToIdentity@Matrix@@QAEXXZ) already defined in main.obj
scene_parser.obj : error LNK2005: "public: void __thiscall Matrix::Transform(class Vec2f &)const " (?Transform@Matrix@@QBEXAAVVec2f@@@Z) already defined in main.obj
scene_parser.obj : error LNK2005: "public: void __thiscall Matrix::Transform(class Vec3f &)const " (?Transform@Matrix@@QBEXAAVVec3f@@@Z) already defined in main.obj
scene_parser.obj : error LNK2005: "public: void __thiscall Matrix::Transform(class Vec4f &)const " (?Transform@Matrix@@QBEXAAVVec4f@@@Z) already defined in main.obj
scene_parser.obj : error LNK2005: "public: void __thiscall Matrix::TransformDirection(class Vec3f &)const " (?TransformDirection@Matrix@@QBEXAAVVec3f@@@Z) already defined in main.obj
scene_parser.obj : error LNK2005: "public: void __thiscall Matrix::Transpose(void)" (?Transpose@Matrix@@QAEXXZ) already defined in main.obj
scene_parser.obj : error LNK2005: "public: void __thiscall Matrix::Transpose(class Matrix &)const " (?Transpose@Matrix@@QBEXAAV1@@Z) already defined in main.obj
scene_parser.obj : error LNK2005: "public: void __thiscall Matrix::Write3x3(struct _iobuf *)const " (?Write3x3@Matrix@@QBEXPAU_iobuf@@@Z) already defined in main.obj
scene_parser.obj : error LNK2005: "public: void __thiscall Matrix::Write(struct _iobuf *)const " (?Write@Matrix@@QBEXPAU_iobuf@@@Z) already defined in main.obj
scene_parser.obj : error LNK2005: "float __cdecl det2x2(float,float,float,float)" (?det2x2@@YAMMMMM@Z) already defined in main.obj
scene_parser.obj : error LNK2005: "float __cdecl det3x3(float,float,float,float,float,float,float,float,float)" (?det3x3@@YAMMMMMMMMMM@Z) already defined in main.obj
scene_parser.obj : error LNK2005: "float __cdecl det4x4(float,float,float,float,float,float,float,float,float,float,float,float,float,float,float,float)" (?det4x4@@YAMMMMMMMMMMMMMMMMM@Z) already defined in main.obj
scene_parser.obj : error LNK2005: "public: float * __thiscall Matrix::glGet(void)const " (?glGet@Matrix@@QBEPAMXZ) already defined in main.obj
E:\Codes\CG\MIT_ComputerGraphics\Assignment2_Transformations_AdditionalPrimitives\Assignment2\Debug\Assignment2.exe : fatal error LNK1169: one or more multiply defined symbols found
